-- Arguments supplied are 
Map all_nbrhood_kmers_k32_p3l2clmn7_K15-map2-171_kraken 
Query /oasis/scratch/comet/erachtma/temp_project/FP_analysis/plant_querues_forFP
Threads 20
k-mer count = 6210280798
kmer count array 0  = 3105018646
kmer count array 1  = 3105262152
Sig array size = 15032385536
Tag array size  = 2147483648
Enc id array size  = 1879048192
p = 3
SL = 32
L = 2
alpha = 0.95
Using K = 15
Columns = 7
Partitions = 4
Sigs row count = 268435456
Tag size = 2
Tag mask = 3
Big sig mask = 268435455
-- Done sigs allocation 
-- Done tag allocation 
-- Done encoding array 0 allocation 
-- Done encoding array 1 allocation 
-- Done enc id allocation 
Sigs read  : 15032385536
Tags read  : 2147483648
Encodings 0 read  : 3105018646
Encodings 1 read  : 3105262152
Enc id read  : 1879048192
-- Done reading. Now matching. Time so far: 371 seconds
/oasis/scratch/comet/erachtma/temp_project/FP_analysis/plant_querues_forFP/.. 0 0
/oasis/scratch/comet/erachtma/temp_project/FP_analysis/plant_querues_forFP/. 0 0
/oasis/scratch/comet/erachtma/temp_project/FP_analysis/plant_querues_forFP/10x_Prunus_persica.fq 266668 2906
/oasis/scratch/comet/erachtma/temp_project/FP_analysis/plant_querues_forFP/15x_Arabidopsis_lyrata.fq 266668 2472
/oasis/scratch/comet/erachtma/temp_project/FP_analysis/plant_querues_forFP/2x_Zea_mays.fq 266668 1341
/oasis/scratch/comet/erachtma/temp_project/FP_analysis/plant_querues_forFP/10x_Cil.fq 266668 3054
/oasis/scratch/comet/erachtma/temp_project/FP_analysis/plant_querues_forFP/20x_Arabidopsis_thaliana.fq 266668 2177
/oasis/scratch/comet/erachtma/temp_project/FP_analysis/plant_querues_forFP/5x_Coffee_arabica.fq 266668 1998
/oasis/scratch/comet/erachtma/temp_project/FP_analysis/plant_querues_forFP/10x_Oryza_sativa.fq 266668 2267
/oasis/scratch/comet/erachtma/temp_project/FP_analysis/plant_querues_forFP/2x_Nicotiana_sylvestris.fq 266668 1469
/oasis/scratch/comet/erachtma/temp_project/FP_analysis/plant_querues_forFP/250x_Bathycoccus_prasinos.fq 266668 5120
/oasis/scratch/comet/erachtma/temp_project/FP_analysis/plant_querues_forFP/10x_Cca.fq 266668 3020
-- Done matching for all. Time so far: 490 seconds

real	8m10.963s
user	10m6.228s
sys	6m18.645s
