-- Arguments supplied are 
Map all_nbrhood_kmers_k32_p3l2clmn7_K15-map2-171_ToL 
Query /oasis/scratch/comet/erachtma/temp_project/FP_analysis/plant_querues_forFP
Threads 20
k-mer count = 7999975120
kmer count array 0  = 4000000000
kmer count array 1  = 3999975120
Sig array size = 15032385536
Tag array size  = 2147483648
Enc id array size  = 1879048192
p = 3
SL = 32
L = 2
alpha = 0.95
Using K = 15
Columns = 7
Partitions = 4
Sigs row count = 268435456
Tag size = 2
Tag mask = 3
Big sig mask = 268435455
-- Done sigs allocation 
-- Done tag allocation 
-- Done encoding array 0 allocation 
-- Done encoding array 1 allocation 
-- Done enc id allocation 
Sigs read  : 15032385536
Tags read  : 2147483648
Encodings 0 read  : 4000000000
Encodings 1 read  : 3999975120
Enc id read  : 1879048192
-- Done reading. Now matching. Time so far: 340 seconds
/oasis/scratch/comet/erachtma/temp_project/FP_analysis/plant_querues_forFP/.. 0 0
/oasis/scratch/comet/erachtma/temp_project/FP_analysis/plant_querues_forFP/. 0 0
/oasis/scratch/comet/erachtma/temp_project/FP_analysis/plant_querues_forFP/10x_Prunus_persica.fq 266668 4060
/oasis/scratch/comet/erachtma/temp_project/FP_analysis/plant_querues_forFP/15x_Arabidopsis_lyrata.fq 266668 3827
/oasis/scratch/comet/erachtma/temp_project/FP_analysis/plant_querues_forFP/10x_Cca.fq 266668 2898
/oasis/scratch/comet/erachtma/temp_project/FP_analysis/plant_querues_forFP/20x_Arabidopsis_thaliana.fq 266668 2249
/oasis/scratch/comet/erachtma/temp_project/FP_analysis/plant_querues_forFP/2x_Nicotiana_sylvestris.fq 266668 1668
/oasis/scratch/comet/erachtma/temp_project/FP_analysis/plant_querues_forFP/10x_Oryza_sativa.fq 266668 2530
/oasis/scratch/comet/erachtma/temp_project/FP_analysis/plant_querues_forFP/5x_Coffee_arabica.fq 266668 1934
/oasis/scratch/comet/erachtma/temp_project/FP_analysis/plant_querues_forFP/10x_Cil.fq 266668 2989
/oasis/scratch/comet/erachtma/temp_project/FP_analysis/plant_querues_forFP/2x_Zea_mays.fq 266668 1262
/oasis/scratch/comet/erachtma/temp_project/FP_analysis/plant_querues_forFP/250x_Bathycoccus_prasinos.fq 266668 5352
-- Done matching for all. Time so far: 458 seconds

real	7m38.056s
user	10m59.548s
sys	8m3.156s
slurmstepd: Exceeded step memory limit at some point.
slurmstepd: Exceeded job memory limit at some point.
