Option -c has arg: 0
-- Arguments supplied are 
Map all_nbrhood_kmers_k32_p3l2clmn7_K15-map2-171_gtdb 
Query /oasis/scratch/comet/erachtma/temp_project/FP_analysis/plant_querues_forFP
Threads 24
cvalue 0
k-mer count = 7999986111
kmer count array 0  = 3999986111
kmer count array 1  = 4000000000
Sig array size = 15032385536
Tag array size  = 2147483648
Enc id array size  = 1879048192
p = 4
SL = 32
L = 2
alpha = 0.95
Using K = 15
Columns = 7
Partitions = 4
Sigs row count = 268435456
Tag size = 2
Tag mask = 3
Big sig mask = 268435455
-- Done sigs allocation 
-- Done tag allocation 
-- Done encoding array 0 allocation 
-- Done encoding array 1 allocation 
-- Done enc id allocation 
Sigs read  : 15032385536
Tags read  : 2147483648
Encodings 0 read  : 3999986111
Encodings 1 read  : 4000000000
Enc id read  : 1879048192
-- Done reading. Now matching. Time so far: 12 seconds
/oasis/scratch/comet/erachtma/temp_project/FP_analysis/plant_querues_forFP/. 0 0
/oasis/scratch/comet/erachtma/temp_project/FP_analysis/plant_querues_forFP/.. 0 0
/oasis/scratch/comet/erachtma/temp_project/FP_analysis/plant_querues_forFP/2x_Zea_mays.fq 266668 20422
/oasis/scratch/comet/erachtma/temp_project/FP_analysis/plant_querues_forFP/10x_Prunus_persica.fq 266668 11534
/oasis/scratch/comet/erachtma/temp_project/FP_analysis/plant_querues_forFP/15x_Arabidopsis_lyrata.fq 266668 13038
/oasis/scratch/comet/erachtma/temp_project/FP_analysis/plant_querues_forFP/250x_Bathycoccus_prasinos.fq 266668 14429
/oasis/scratch/comet/erachtma/temp_project/FP_analysis/plant_querues_forFP/5x_Coffee_arabica.fq 266668 10963
/oasis/scratch/comet/erachtma/temp_project/FP_analysis/plant_querues_forFP/10x_Cil.fq 266668 12649
/oasis/scratch/comet/erachtma/temp_project/FP_analysis/plant_querues_forFP/10x_Oryza_sativa.fq 266668 13814
/oasis/scratch/comet/erachtma/temp_project/FP_analysis/plant_querues_forFP/2x_Nicotiana_sylvestris.fq 266668 8823
/oasis/scratch/comet/erachtma/temp_project/FP_analysis/plant_querues_forFP/20x_Arabidopsis_thaliana.fq 266668 11726
/oasis/scratch/comet/erachtma/temp_project/FP_analysis/plant_querues_forFP/10x_Cca.fq 266668 12812
-- Done matching for all. Time so far: 128 seconds

real	2m8.908s
user	10m25.689s
sys	9m2.788s
