Option -c has arg: 0
-- Arguments supplied are 
Map all_nbrhood_kmers_k32_p3l2clmn7_K15-map2-171_ToL 
Query /oasis/scratch/comet/erachtma/temp_project/simul/excluded_fna_fq_downSmpl10M_24runtime
Threads 24
cvalue 0
k-mer count = 7999975120
kmer count array 0  = 4000000000
kmer count array 1  = 3999975120
Sig array size = 15032385536
Tag array size  = 2147483648
Enc id array size  = 1879048192
p = 3
SL = 32
L = 2
alpha = 0.95
Using K = 15
Columns = 7
Partitions = 4
Sigs row count = 268435456
Tag size = 2
Tag mask = 3
Big sig mask = 268435455
-- Done sigs allocation 
-- Done tag allocation 
-- Done encoding array 0 allocation 
-- Done encoding array 1 allocation 
-- Done enc id allocation 
Sigs read  : 15032385536
Tags read  : 2147483648
Encodings 0 read  : 4000000000
Encodings 1 read  : 3999975120
Enc id read  : 1879048192
-- Done reading. Now matching. Time so far: 295 seconds
/oasis/scratch/comet/erachtma/temp_project/simul/excluded_fna_fq_downSmpl10M_24runtime/. 0 0
/oasis/scratch/comet/erachtma/temp_project/simul/excluded_fna_fq_downSmpl10M_24runtime/.. 0 0
/oasis/scratch/comet/erachtma/temp_project/simul/excluded_fna_fq_downSmpl10M_24runtime/G001560165.fq 266668 66667
/oasis/scratch/comet/erachtma/temp_project/simul/excluded_fna_fq_downSmpl10M_24runtime/G001679155.fq 266668 66667
/oasis/scratch/comet/erachtma/temp_project/simul/excluded_fna_fq_downSmpl10M_24runtime/G001628455.fq 266668 66397
/oasis/scratch/comet/erachtma/temp_project/simul/excluded_fna_fq_downSmpl10M_24runtime/G000770635.fq 266668 66667
/oasis/scratch/comet/erachtma/temp_project/simul/excluded_fna_fq_downSmpl10M_24runtime/G000421185.fq 266668 66667
/oasis/scratch/comet/erachtma/temp_project/simul/excluded_fna_fq_downSmpl10M_24runtime/G001919175.fq 266668 64334
/oasis/scratch/comet/erachtma/temp_project/simul/excluded_fna_fq_downSmpl10M_24runtime/G000307305.fq 266668 66667
/oasis/scratch/comet/erachtma/temp_project/simul/excluded_fna_fq_downSmpl10M_24runtime/G001316265.fq 266668 62319
/oasis/scratch/comet/erachtma/temp_project/simul/excluded_fna_fq_downSmpl10M_24runtime/G000231015.fq 266668 61003
/oasis/scratch/comet/erachtma/temp_project/simul/excluded_fna_fq_downSmpl10M_24runtime/G000204585.fq 266668 58164
/oasis/scratch/comet/erachtma/temp_project/simul/excluded_fna_fq_downSmpl10M_24runtime/G001510295.fq 266668 60389
/oasis/scratch/comet/erachtma/temp_project/simul/excluded_fna_fq_downSmpl10M_24runtime/G001674955.fq 266668 57008
/oasis/scratch/comet/erachtma/temp_project/simul/excluded_fna_fq_downSmpl10M_24runtime/G000221185.fq 266668 56904
/oasis/scratch/comet/erachtma/temp_project/simul/excluded_fna_fq_downSmpl10M_24runtime/G000816105.fq 266668 49597
/oasis/scratch/comet/erachtma/temp_project/simul/excluded_fna_fq_downSmpl10M_24runtime/G000145295.fq 266668 48381
/oasis/scratch/comet/erachtma/temp_project/simul/excluded_fna_fq_downSmpl10M_24runtime/G000022365.fq 266668 52842
/oasis/scratch/comet/erachtma/temp_project/simul/excluded_fna_fq_downSmpl10M_24runtime/G001577775.fq 266668 47773
/oasis/scratch/comet/erachtma/temp_project/simul/excluded_fna_fq_downSmpl10M_24runtime/G000011125.fq 266668 34484
/oasis/scratch/comet/erachtma/temp_project/simul/excluded_fna_fq_downSmpl10M_24runtime/G000955905.fq 266668 24290
/oasis/scratch/comet/erachtma/temp_project/simul/excluded_fna_fq_downSmpl10M_24runtime/G001189275.fq 266668 28124
/oasis/scratch/comet/erachtma/temp_project/simul/excluded_fna_fq_downSmpl10M_24runtime/G001315825.fq 266668 17303
/oasis/scratch/comet/erachtma/temp_project/simul/excluded_fna_fq_downSmpl10M_24runtime/G000019605.fq 266668 6019
/oasis/scratch/comet/erachtma/temp_project/simul/excluded_fna_fq_downSmpl10M_24runtime/G000007185.fq 266668 8223
/oasis/scratch/comet/erachtma/temp_project/simul/excluded_fna_fq_downSmpl10M_24runtime/15x_Arabidopsis_lyrata.fq 266668 3827
/oasis/scratch/comet/erachtma/temp_project/simul/excluded_fna_fq_downSmpl10M_24runtime/10x_Cca.fq 266668 2898
/oasis/scratch/comet/erachtma/temp_project/simul/excluded_fna_fq_downSmpl10M_24runtime/G001515215.fq 266668 7934
/oasis/scratch/comet/erachtma/temp_project/simul/excluded_fna_fq_downSmpl10M_24runtime/G001940655.fq 266668 3407
/oasis/scratch/comet/erachtma/temp_project/simul/excluded_fna_fq_downSmpl10M_24runtime/10x_Cil.fq 266668 2989
/oasis/scratch/comet/erachtma/temp_project/simul/excluded_fna_fq_downSmpl10M_24runtime/G001940645.fq 266668 5770
/oasis/scratch/comet/erachtma/temp_project/simul/excluded_fna_fq_downSmpl10M_24runtime/G000375685.fq 266668 10375
-- Done matching for all. Time so far: 414 seconds

real	6m55.160s
user	18m35.028s
sys	9m10.250s
