CLARK version 1.2.6.1 (UCR CS&E. Copyright 2013-2019 Rachid Ounit, rouni001@cs.ucr.edu) 
Loading database [/oasis/scratch/comet/erachtma/temp_project/clark_databases/custom_5/db_central_k31_t151_s1610612741_m0.tsk.*] ...
Loading done (database size: 158772 MB read, with sampling factor 2)
Mode: Default,	Processing file: 10x_Cca.fq,	 using 24 CPU.
 - Assignment time: 4.32327 s. Speed: 925230 objects/min. (66667 objects).
 - Results stored in /oasis/scratch/comet/erachtma/temp_project/simul/runtime_clark/result_10x_Cca.fq.csv

real	10m28.217s
user	1m47.959s
sys	4m6.084s
CLARK version 1.2.6.1 (UCR CS&E. Copyright 2013-2019 Rachid Ounit, rouni001@cs.ucr.edu) 
Loading database [/oasis/scratch/comet/erachtma/temp_project/clark_databases/custom_5/db_central_k31_t151_s1610612741_m0.tsk.*] ...
Loading done (database size: 158772 MB read, with sampling factor 2)
Mode: Default,	Processing file: 10x_Cil.fq,	 using 24 CPU.
 - Assignment time: 4.57517 s. Speed: 874289 objects/min. (66667 objects).
 - Results stored in /oasis/scratch/comet/erachtma/temp_project/simul/runtime_clark/result_10x_Cil.fq.csv

real	3m41.423s
user	1m49.712s
sys	2m41.555s
CLARK version 1.2.6.1 (UCR CS&E. Copyright 2013-2019 Rachid Ounit, rouni001@cs.ucr.edu) 
Loading database [/oasis/scratch/comet/erachtma/temp_project/clark_databases/custom_5/db_central_k31_t151_s1610612741_m0.tsk.*] ...
Loading done (database size: 158772 MB read, with sampling factor 2)
Mode: Default,	Processing file: 15x_Arabidopsis_lyrata.fq,	 using 24 CPU.
 - Assignment time: 3.88275 s. Speed: 1030203 objects/min. (66667 objects).
 - Results stored in /oasis/scratch/comet/erachtma/temp_project/simul/runtime_clark/result_15x_Arabidopsis_lyrata.fq.csv

real	3m37.981s
user	1m49.702s
sys	2m40.784s
CLARK version 1.2.6.1 (UCR CS&E. Copyright 2013-2019 Rachid Ounit, rouni001@cs.ucr.edu) 
Loading database [/oasis/scratch/comet/erachtma/temp_project/clark_databases/custom_5/db_central_k31_t151_s1610612741_m0.tsk.*] ...
Loading done (database size: 158772 MB read, with sampling factor 2)
Mode: Default,	Processing file: G000007185.fq,	 using 24 CPU.
 - Assignment time: 1.71685 s. Speed: 2329859 objects/min. (66667 objects).
 - Results stored in /oasis/scratch/comet/erachtma/temp_project/simul/runtime_clark/result_G000007185.fq.csv

real	3m20.152s
user	1m40.735s
sys	1m57.223s
CLARK version 1.2.6.1 (UCR CS&E. Copyright 2013-2019 Rachid Ounit, rouni001@cs.ucr.edu) 
Loading database [/oasis/scratch/comet/erachtma/temp_project/clark_databases/custom_5/db_central_k31_t151_s1610612741_m0.tsk.*] ...
Loading done (database size: 158772 MB read, with sampling factor 2)
Mode: Default,	Processing file: G000011125.fq,	 using 24 CPU.
 - Assignment time: 1.8921 s. Speed: 2114067 objects/min. (66667 objects).
 - Results stored in /oasis/scratch/comet/erachtma/temp_project/simul/runtime_clark/result_G000011125.fq.csv

real	3m43.853s
user	1m46.282s
sys	2m21.046s
CLARK version 1.2.6.1 (UCR CS&E. Copyright 2013-2019 Rachid Ounit, rouni001@cs.ucr.edu) 
Loading database [/oasis/scratch/comet/erachtma/temp_project/clark_databases/custom_5/db_central_k31_t151_s1610612741_m0.tsk.*] ...
Loading done (database size: 158772 MB read, with sampling factor 2)
Mode: Default,	Processing file: G000019605.fq,	 using 24 CPU.
 - Assignment time: 1.3773 s. Speed: 2904251 objects/min. (66667 objects).
 - Results stored in /oasis/scratch/comet/erachtma/temp_project/simul/runtime_clark/result_G000019605.fq.csv

real	3m19.885s
user	1m41.537s
sys	1m57.971s
CLARK version 1.2.6.1 (UCR CS&E. Copyright 2013-2019 Rachid Ounit, rouni001@cs.ucr.edu) 
Loading database [/oasis/scratch/comet/erachtma/temp_project/clark_databases/custom_5/db_central_k31_t151_s1610612741_m0.tsk.*] ...
Loading done (database size: 158772 MB read, with sampling factor 2)
Mode: Default,	Processing file: G000022365.fq,	 using 24 CPU.
 - Assignment time: 1.94915 s. Speed: 2052188 objects/min. (66667 objects).
 - Results stored in /oasis/scratch/comet/erachtma/temp_project/simul/runtime_clark/result_G000022365.fq.csv

real	3m29.620s
user	1m41.143s
sys	2m7.510s
CLARK version 1.2.6.1 (UCR CS&E. Copyright 2013-2019 Rachid Ounit, rouni001@cs.ucr.edu) 
Loading database [/oasis/scratch/comet/erachtma/temp_project/clark_databases/custom_5/db_central_k31_t151_s1610612741_m0.tsk.*] ...
Loading done (database size: 158772 MB read, with sampling factor 2)
Mode: Default,	Processing file: G000145295.fq,	 using 24 CPU.
 - Assignment time: 1.37818 s. Speed: 2902390 objects/min. (66667 objects).
 - Results stored in /oasis/scratch/comet/erachtma/temp_project/simul/runtime_clark/result_G000145295.fq.csv

real	3m27.644s
user	1m39.573s
sys	2m4.591s
CLARK version 1.2.6.1 (UCR CS&E. Copyright 2013-2019 Rachid Ounit, rouni001@cs.ucr.edu) 
Loading database [/oasis/scratch/comet/erachtma/temp_project/clark_databases/custom_5/db_central_k31_t151_s1610612741_m0.tsk.*] ...
Loading done (database size: 158772 MB read, with sampling factor 2)
Mode: Default,	Processing file: G000204585.fq,	 using 24 CPU.
 - Assignment time: 1.68464 s. Speed: 2374400 objects/min. (66667 objects).
 - Results stored in /oasis/scratch/comet/erachtma/temp_project/simul/runtime_clark/result_G000204585.fq.csv

real	3m46.241s
user	1m46.725s
sys	2m22.516s
CLARK version 1.2.6.1 (UCR CS&E. Copyright 2013-2019 Rachid Ounit, rouni001@cs.ucr.edu) 
Loading database [/oasis/scratch/comet/erachtma/temp_project/clark_databases/custom_5/db_central_k31_t151_s1610612741_m0.tsk.*] ...
Loading done (database size: 158772 MB read, with sampling factor 2)
Mode: Default,	Processing file: G000221185.fq,	 using 24 CPU.
 - Assignment time: 1.88061 s. Speed: 2126983 objects/min. (66667 objects).
 - Results stored in /oasis/scratch/comet/erachtma/temp_project/simul/runtime_clark/result_G000221185.fq.csv

real	3m35.309s
user	1m48.514s
sys	2m11.120s
CLARK version 1.2.6.1 (UCR CS&E. Copyright 2013-2019 Rachid Ounit, rouni001@cs.ucr.edu) 
Loading database [/oasis/scratch/comet/erachtma/temp_project/clark_databases/custom_5/db_central_k31_t151_s1610612741_m0.tsk.*] ...
Loading done (database size: 158772 MB read, with sampling factor 2)
Mode: Default,	Processing file: G000231015.fq,	 using 24 CPU.
 - Assignment time: 1.5977 s. Speed: 2503611 objects/min. (66667 objects).
 - Results stored in /oasis/scratch/comet/erachtma/temp_project/simul/runtime_clark/result_G000231015.fq.csv

real	3m33.239s
user	1m46.598s
sys	2m7.693s
CLARK version 1.2.6.1 (UCR CS&E. Copyright 2013-2019 Rachid Ounit, rouni001@cs.ucr.edu) 
Loading database [/oasis/scratch/comet/erachtma/temp_project/clark_databases/custom_5/db_central_k31_t151_s1610612741_m0.tsk.*] ...
Loading done (database size: 158772 MB read, with sampling factor 2)
Mode: Default,	Processing file: G000307305.fq,	 using 24 CPU.
 - Assignment time: 2.25371 s. Speed: 1774863 objects/min. (66667 objects).
 - Results stored in /oasis/scratch/comet/erachtma/temp_project/simul/runtime_clark/result_G000307305.fq.csv

real	3m34.837s
user	1m44.797s
sys	2m11.973s
CLARK version 1.2.6.1 (UCR CS&E. Copyright 2013-2019 Rachid Ounit, rouni001@cs.ucr.edu) 
Loading database [/oasis/scratch/comet/erachtma/temp_project/clark_databases/custom_5/db_central_k31_t151_s1610612741_m0.tsk.*] ...
Loading done (database size: 158772 MB read, with sampling factor 2)
Mode: Default,	Processing file: G000375685.fq,	 using 24 CPU.
 - Assignment time: 1.25634 s. Speed: 3183862 objects/min. (66667 objects).
 - Results stored in /oasis/scratch/comet/erachtma/temp_project/simul/runtime_clark/result_G000375685.fq.csv

real	3m19.168s
user	1m40.817s
sys	1m54.417s
CLARK version 1.2.6.1 (UCR CS&E. Copyright 2013-2019 Rachid Ounit, rouni001@cs.ucr.edu) 
Loading database [/oasis/scratch/comet/erachtma/temp_project/clark_databases/custom_5/db_central_k31_t151_s1610612741_m0.tsk.*] ...
Loading done (database size: 158772 MB read, with sampling factor 2)
Mode: Default,	Processing file: G000421185.fq,	 using 24 CPU.
 - Assignment time: 1.97897 s. Speed: 2021261 objects/min. (66667 objects).
 - Results stored in /oasis/scratch/comet/erachtma/temp_project/simul/runtime_clark/result_G000421185.fq.csv

real	3m44.020s
user	1m45.476s
sys	2m26.975s
CLARK version 1.2.6.1 (UCR CS&E. Copyright 2013-2019 Rachid Ounit, rouni001@cs.ucr.edu) 
Loading database [/oasis/scratch/comet/erachtma/temp_project/clark_databases/custom_5/db_central_k31_t151_s1610612741_m0.tsk.*] ...
Loading done (database size: 158772 MB read, with sampling factor 2)
Mode: Default,	Processing file: G000770635.fq,	 using 24 CPU.
 - Assignment time: 2.41206 s. Speed: 1658343 objects/min. (66667 objects).
 - Results stored in /oasis/scratch/comet/erachtma/temp_project/simul/runtime_clark/result_G000770635.fq.csv

real	3m35.634s
user	1m46.044s
sys	2m20.370s
CLARK version 1.2.6.1 (UCR CS&E. Copyright 2013-2019 Rachid Ounit, rouni001@cs.ucr.edu) 
Loading database [/oasis/scratch/comet/erachtma/temp_project/clark_databases/custom_5/db_central_k31_t151_s1610612741_m0.tsk.*] ...
Loading done (database size: 158772 MB read, with sampling factor 2)
Mode: Default,	Processing file: G000816105.fq,	 using 24 CPU.
 - Assignment time: 1.668 s. Speed: 2398097 objects/min. (66667 objects).
 - Results stored in /oasis/scratch/comet/erachtma/temp_project/simul/runtime_clark/result_G000816105.fq.csv

real	3m36.872s
user	1m45.189s
sys	2m11.964s
CLARK version 1.2.6.1 (UCR CS&E. Copyright 2013-2019 Rachid Ounit, rouni001@cs.ucr.edu) 
Loading database [/oasis/scratch/comet/erachtma/temp_project/clark_databases/custom_5/db_central_k31_t151_s1610612741_m0.tsk.*] ...
Loading done (database size: 158772 MB read, with sampling factor 2)
Mode: Default,	Processing file: G000955905.fq,	 using 24 CPU.
 - Assignment time: 1.43872 s. Speed: 2780268 objects/min. (66667 objects).
 - Results stored in /oasis/scratch/comet/erachtma/temp_project/simul/runtime_clark/result_G000955905.fq.csv

real	3m20.386s
user	1m40.938s
sys	1m56.913s
CLARK version 1.2.6.1 (UCR CS&E. Copyright 2013-2019 Rachid Ounit, rouni001@cs.ucr.edu) 
Loading database [/oasis/scratch/comet/erachtma/temp_project/clark_databases/custom_5/db_central_k31_t151_s1610612741_m0.tsk.*] ...
Loading done (database size: 158772 MB read, with sampling factor 2)
Mode: Default,	Processing file: G001189275.fq,	 using 24 CPU.
 - Assignment time: 1.94647 s. Speed: 2055016 objects/min. (66667 objects).
 - Results stored in /oasis/scratch/comet/erachtma/temp_project/simul/runtime_clark/result_G001189275.fq.csv

real	3m29.034s
user	1m41.559s
sys	2m5.999s
CLARK version 1.2.6.1 (UCR CS&E. Copyright 2013-2019 Rachid Ounit, rouni001@cs.ucr.edu) 
Loading database [/oasis/scratch/comet/erachtma/temp_project/clark_databases/custom_5/db_central_k31_t151_s1610612741_m0.tsk.*] ...
Loading done (database size: 158772 MB read, with sampling factor 2)
Mode: Default,	Processing file: G001315825.fq,	 using 24 CPU.
 - Assignment time: 6.59037 s. Speed: 606948 objects/min. (66667 objects).
 - Results stored in /oasis/scratch/comet/erachtma/temp_project/simul/runtime_clark/result_G001315825.fq.csv

real	3m48.688s
user	1m48.780s
sys	2m26.956s
CLARK version 1.2.6.1 (UCR CS&E. Copyright 2013-2019 Rachid Ounit, rouni001@cs.ucr.edu) 
Loading database [/oasis/scratch/comet/erachtma/temp_project/clark_databases/custom_5/db_central_k31_t151_s1610612741_m0.tsk.*] ...
Loading done (database size: 158772 MB read, with sampling factor 2)
Mode: Default,	Processing file: G001316265.fq,	 using 24 CPU.
 - Assignment time: 1.99784 s. Speed: 2002177 objects/min. (66667 objects).
 - Results stored in /oasis/scratch/comet/erachtma/temp_project/simul/runtime_clark/result_G001316265.fq.csv

real	3m32.877s
user	1m47.727s
sys	2m10.501s
CLARK version 1.2.6.1 (UCR CS&E. Copyright 2013-2019 Rachid Ounit, rouni001@cs.ucr.edu) 
Loading database [/oasis/scratch/comet/erachtma/temp_project/clark_databases/custom_5/db_central_k31_t151_s1610612741_m0.tsk.*] ...
Loading done (database size: 158772 MB read, with sampling factor 2)
Mode: Default,	Processing file: G001510295.fq,	 using 24 CPU.
 - Assignment time: 1.25006 s. Speed: 3199872 objects/min. (66667 objects).
 - Results stored in /oasis/scratch/comet/erachtma/temp_project/simul/runtime_clark/result_G001510295.fq.csv

real	3m33.582s
user	1m46.262s
sys	2m2.489s
CLARK version 1.2.6.1 (UCR CS&E. Copyright 2013-2019 Rachid Ounit, rouni001@cs.ucr.edu) 
Loading database [/oasis/scratch/comet/erachtma/temp_project/clark_databases/custom_5/db_central_k31_t151_s1610612741_m0.tsk.*] ...
Loading done (database size: 158772 MB read, with sampling factor 2)
Mode: Default,	Processing file: G001515215.fq,	 using 24 CPU.
 - Assignment time: 1.27255 s. Speed: 3143320 objects/min. (66667 objects).
 - Results stored in /oasis/scratch/comet/erachtma/temp_project/simul/runtime_clark/result_G001515215.fq.csv

real	3m20.184s
user	1m40.955s
sys	1m54.991s
CLARK version 1.2.6.1 (UCR CS&E. Copyright 2013-2019 Rachid Ounit, rouni001@cs.ucr.edu) 
Loading database [/oasis/scratch/comet/erachtma/temp_project/clark_databases/custom_5/db_central_k31_t151_s1610612741_m0.tsk.*] ...
Loading done (database size: 158772 MB read, with sampling factor 2)
Mode: Default,	Processing file: G001560165.fq,	 using 24 CPU.
 - Assignment time: 2.08227 s. Speed: 1920990 objects/min. (66667 objects).
 - Results stored in /oasis/scratch/comet/erachtma/temp_project/simul/runtime_clark/result_G001560165.fq.csv

real	3m43.315s
user	1m45.239s
sys	2m24.887s
CLARK version 1.2.6.1 (UCR CS&E. Copyright 2013-2019 Rachid Ounit, rouni001@cs.ucr.edu) 
Loading database [/oasis/scratch/comet/erachtma/temp_project/clark_databases/custom_5/db_central_k31_t151_s1610612741_m0.tsk.*] ...
Loading done (database size: 158772 MB read, with sampling factor 2)
Mode: Default,	Processing file: G001577775.fq,	 using 24 CPU.
 - Assignment time: 1.74941 s. Speed: 2286491 objects/min. (66667 objects).
 - Results stored in /oasis/scratch/comet/erachtma/temp_project/simul/runtime_clark/result_G001577775.fq.csv

real	3m33.204s
user	1m47.723s
sys	2m8.859s
CLARK version 1.2.6.1 (UCR CS&E. Copyright 2013-2019 Rachid Ounit, rouni001@cs.ucr.edu) 
Loading database [/oasis/scratch/comet/erachtma/temp_project/clark_databases/custom_5/db_central_k31_t151_s1610612741_m0.tsk.*] ...
Loading done (database size: 158772 MB read, with sampling factor 2)
Mode: Default,	Processing file: G001628455.fq,	 using 24 CPU.
 - Assignment time: 1.38656 s. Speed: 2884847 objects/min. (66667 objects).
 - Results stored in /oasis/scratch/comet/erachtma/temp_project/simul/runtime_clark/result_G001628455.fq.csv

real	3m33.659s
user	1m45.077s
sys	2m6.320s
CLARK version 1.2.6.1 (UCR CS&E. Copyright 2013-2019 Rachid Ounit, rouni001@cs.ucr.edu) 
Loading database [/oasis/scratch/comet/erachtma/temp_project/clark_databases/custom_5/db_central_k31_t151_s1610612741_m0.tsk.*] ...
Loading done (database size: 158772 MB read, with sampling factor 2)
Mode: Default,	Processing file: G001674955.fq,	 using 24 CPU.
 - Assignment time: 5.22252 s. Speed: 765918 objects/min. (66667 objects).
 - Results stored in /oasis/scratch/comet/erachtma/temp_project/simul/runtime_clark/result_G001674955.fq.csv

real	3m36.650s
user	1m46.724s
sys	2m9.712s
CLARK version 1.2.6.1 (UCR CS&E. Copyright 2013-2019 Rachid Ounit, rouni001@cs.ucr.edu) 
Loading database [/oasis/scratch/comet/erachtma/temp_project/clark_databases/custom_5/db_central_k31_t151_s1610612741_m0.tsk.*] ...
Loading done (database size: 158772 MB read, with sampling factor 2)
Mode: Default,	Processing file: G001679155.fq,	 using 24 CPU.
 - Assignment time: 1.55431 s. Speed: 2573502 objects/min. (66667 objects).
 - Results stored in /oasis/scratch/comet/erachtma/temp_project/simul/runtime_clark/result_G001679155.fq.csv

real	3m34.569s
user	1m44.907s
sys	2m7.443s
CLARK version 1.2.6.1 (UCR CS&E. Copyright 2013-2019 Rachid Ounit, rouni001@cs.ucr.edu) 
Loading database [/oasis/scratch/comet/erachtma/temp_project/clark_databases/custom_5/db_central_k31_t151_s1610612741_m0.tsk.*] ...
Loading done (database size: 158772 MB read, with sampling factor 2)
Mode: Default,	Processing file: G001919175.fq,	 using 24 CPU.
 - Assignment time: 2.62325 s. Speed: 1524831 objects/min. (66667 objects).
 - Results stored in /oasis/scratch/comet/erachtma/temp_project/simul/runtime_clark/result_G001919175.fq.csv

real	3m51.901s
user	1m44.711s
sys	2m7.907s
CLARK version 1.2.6.1 (UCR CS&E. Copyright 2013-2019 Rachid Ounit, rouni001@cs.ucr.edu) 
Loading database [/oasis/scratch/comet/erachtma/temp_project/clark_databases/custom_5/db_central_k31_t151_s1610612741_m0.tsk.*] ...
Loading done (database size: 158772 MB read, with sampling factor 2)
Mode: Default,	Processing file: G001940645.fq,	 using 24 CPU.
 - Assignment time: 2.62678 s. Speed: 1522782 objects/min. (66667 objects).
 - Results stored in /oasis/scratch/comet/erachtma/temp_project/simul/runtime_clark/result_G001940645.fq.csv

real	3m34.585s
user	1m48.762s
sys	2m16.688s
CLARK version 1.2.6.1 (UCR CS&E. Copyright 2013-2019 Rachid Ounit, rouni001@cs.ucr.edu) 
Loading database [/oasis/scratch/comet/erachtma/temp_project/clark_databases/custom_5/db_central_k31_t151_s1610612741_m0.tsk.*] ...
Loading done (database size: 158772 MB read, with sampling factor 2)
Mode: Default,	Processing file: G001940655.fq,	 using 24 CPU.
 - Assignment time: 2.68497 s. Speed: 1489784 objects/min. (66667 objects).
 - Results stored in /oasis/scratch/comet/erachtma/temp_project/simul/runtime_clark/result_G001940655.fq.csv

real	3m21.236s
user	1m39.154s
sys	2m3.320s

real	113m47.971s
user	52m29.322s
sys	67m46.778s
