CLARK version 1.2.6.1 (UCR CS&E. Copyright 2013-2019 Rachid Ounit, rouni001@cs.ucr.edu) 
Loading databases of spaced k-mers... 
Loading done (299177 MB read, with sampling factor 1, 72978556972 spaced k-mers stored)
Mode: Full,	Processing file: 10x_Cca.fq,	 using 24 CPU.
 - Assignment time: 14.6285 s. Speed: 273439 objects/min. (66667 objects).
 - Results stored in /oasis/scratch/comet/erachtma/temp_project/simul/runtime_clark/result_10x_Cca.fq.csv

real	47m45.798s
user	37m49.798s
sys	9m14.374s
CLARK version 1.2.6.1 (UCR CS&E. Copyright 2013-2019 Rachid Ounit, rouni001@cs.ucr.edu) 
Loading databases of spaced k-mers... 
Loading done (299177 MB read, with sampling factor 1, 72978556972 spaced k-mers stored)
Mode: Full,	Processing file: 10x_Cil.fq,	 using 24 CPU.
 - Assignment time: 13.083 s. Speed: 305742 objects/min. (66667 objects).
 - Results stored in /oasis/scratch/comet/erachtma/temp_project/simul/runtime_clark/result_10x_Cil.fq.csv

real	60m43.179s
user	38m38.116s
sys	10m9.449s
CLARK version 1.2.6.1 (UCR CS&E. Copyright 2013-2019 Rachid Ounit, rouni001@cs.ucr.edu) 
Loading databases of spaced k-mers... 
Loading done (299177 MB read, with sampling factor 1, 72978556972 spaced k-mers stored)
Mode: Full,	Processing file: 15x_Arabidopsis_lyrata.fq,	 using 24 CPU.
 - Assignment time: 17.5681 s. Speed: 227686 objects/min. (66667 objects).
 - Results stored in /oasis/scratch/comet/erachtma/temp_project/simul/runtime_clark/result_15x_Arabidopsis_lyrata.fq.csv

real	54m29.320s
user	37m52.766s
sys	9m38.589s
CLARK version 1.2.6.1 (UCR CS&E. Copyright 2013-2019 Rachid Ounit, rouni001@cs.ucr.edu) 
Loading databases of spaced k-mers... 
Loading done (299177 MB read, with sampling factor 1, 72978556972 spaced k-mers stored)
Mode: Full,	Processing file: G000007185.fq,	 using 24 CPU.
 - Assignment time: 17.4705 s. Speed: 228958 objects/min. (66667 objects).
 - Results stored in /oasis/scratch/comet/erachtma/temp_project/simul/runtime_clark/result_G000007185.fq.csv

real	52m55.399s
user	38m9.739s
sys	8m20.725s
CLARK version 1.2.6.1 (UCR CS&E. Copyright 2013-2019 Rachid Ounit, rouni001@cs.ucr.edu) 
Loading databases of spaced k-mers... 
Loading done (299177 MB read, with sampling factor 1, 72978556972 spaced k-mers stored)
Mode: Full,	Processing file: G000011125.fq,	 using 24 CPU.
 - Assignment time: 15.2757 s. Speed: 261854 objects/min. (66667 objects).
 - Results stored in /oasis/scratch/comet/erachtma/temp_project/simul/runtime_clark/result_G000011125.fq.csv

real	45m53.818s
user	38m10.746s
sys	8m14.474s
CLARK version 1.2.6.1 (UCR CS&E. Copyright 2013-2019 Rachid Ounit, rouni001@cs.ucr.edu) 
Loading databases of spaced k-mers... 
Loading done (299177 MB read, with sampling factor 1, 72978556972 spaced k-mers stored)
Mode: Full,	Processing file: G000019605.fq,	 using 24 CPU.
 - Assignment time: 8.82568 s. Speed: 453225 objects/min. (66667 objects).
 - Results stored in /oasis/scratch/comet/erachtma/temp_project/simul/runtime_clark/result_G000019605.fq.csv

real	47m24.851s
user	38m40.751s
sys	8m17.281s
CLARK version 1.2.6.1 (UCR CS&E. Copyright 2013-2019 Rachid Ounit, rouni001@cs.ucr.edu) 
Loading databases of spaced k-mers... 
Loading done (299177 MB read, with sampling factor 1, 72978556972 spaced k-mers stored)
Mode: Full,	Processing file: G000022365.fq,	 using 24 CPU.
 - Assignment time: 12.4396 s. Speed: 321554 objects/min. (66667 objects).
 - Results stored in /oasis/scratch/comet/erachtma/temp_project/simul/runtime_clark/result_G000022365.fq.csv

real	51m8.605s
user	38m33.026s
sys	9m40.321s
CLARK version 1.2.6.1 (UCR CS&E. Copyright 2013-2019 Rachid Ounit, rouni001@cs.ucr.edu) 
Loading databases of spaced k-mers... 
Loading done (299177 MB read, with sampling factor 1, 72978556972 spaced k-mers stored)
Mode: Full,	Processing file: G000145295.fq,	 using 24 CPU.
 - Assignment time: 9.67516 s. Speed: 413431 objects/min. (66667 objects).
 - Results stored in /oasis/scratch/comet/erachtma/temp_project/simul/runtime_clark/result_G000145295.fq.csv

real	47m28.902s
user	38m26.020s
sys	8m23.674s
CLARK version 1.2.6.1 (UCR CS&E. Copyright 2013-2019 Rachid Ounit, rouni001@cs.ucr.edu) 
Loading databases of spaced k-mers... 
Loading done (299177 MB read, with sampling factor 1, 72978556972 spaced k-mers stored)
Mode: Full,	Processing file: G000204585.fq,	 using 24 CPU.
 - Assignment time: 12.8627 s. Speed: 310979 objects/min. (66667 objects).
 - Results stored in /oasis/scratch/comet/erachtma/temp_project/simul/runtime_clark/result_G000204585.fq.csv

real	48m14.251s
user	37m59.069s
sys	8m8.987s
CLARK version 1.2.6.1 (UCR CS&E. Copyright 2013-2019 Rachid Ounit, rouni001@cs.ucr.edu) 
Loading databases of spaced k-mers... 
Loading done (299177 MB read, with sampling factor 1, 72978556972 spaced k-mers stored)
Mode: Full,	Processing file: G000221185.fq,	 using 24 CPU.
 - Assignment time: 13.3147 s. Speed: 300422 objects/min. (66667 objects).
 - Results stored in /oasis/scratch/comet/erachtma/temp_project/simul/runtime_clark/result_G000221185.fq.csv

real	46m50.485s
user	38m6.974s
sys	8m30.180s
CLARK version 1.2.6.1 (UCR CS&E. Copyright 2013-2019 Rachid Ounit, rouni001@cs.ucr.edu) 
Loading databases of spaced k-mers... 
Loading done (299177 MB read, with sampling factor 1, 72978556972 spaced k-mers stored)
Mode: Full,	Processing file: G000231015.fq,	 using 24 CPU.
 - Assignment time: 10.7411 s. Speed: 372402 objects/min. (66667 objects).
 - Results stored in /oasis/scratch/comet/erachtma/temp_project/simul/runtime_clark/result_G000231015.fq.csv

real	46m22.719s
user	38m38.502s
sys	8m23.170s
CLARK version 1.2.6.1 (UCR CS&E. Copyright 2013-2019 Rachid Ounit, rouni001@cs.ucr.edu) 
Loading databases of spaced k-mers... 
Loading done (299177 MB read, with sampling factor 1, 72978556972 spaced k-mers stored)
Mode: Full,	Processing file: G000307305.fq,	 using 24 CPU.
 - Assignment time: 12.5636 s. Speed: 318380 objects/min. (66667 objects).
 - Results stored in /oasis/scratch/comet/erachtma/temp_project/simul/runtime_clark/result_G000307305.fq.csv

real	46m28.816s
user	37m55.997s
sys	8m30.018s
CLARK version 1.2.6.1 (UCR CS&E. Copyright 2013-2019 Rachid Ounit, rouni001@cs.ucr.edu) 
Loading databases of spaced k-mers... 
Loading done (299177 MB read, with sampling factor 1, 72978556972 spaced k-mers stored)
Mode: Full,	Processing file: G000375685.fq,	 using 24 CPU.
 - Assignment time: 10.5426 s. Speed: 379415 objects/min. (66667 objects).
 - Results stored in /oasis/scratch/comet/erachtma/temp_project/simul/runtime_clark/result_G000375685.fq.csv

real	49m20.311s
user	38m21.211s
sys	8m8.760s
CLARK version 1.2.6.1 (UCR CS&E. Copyright 2013-2019 Rachid Ounit, rouni001@cs.ucr.edu) 
Loading databases of spaced k-mers... 
Loading done (299177 MB read, with sampling factor 1, 72978556972 spaced k-mers stored)
Mode: Full,	Processing file: G000421185.fq,	 using 24 CPU.
 - Assignment time: 11.8228 s. Speed: 338332 objects/min. (66667 objects).
 - Results stored in /oasis/scratch/comet/erachtma/temp_project/simul/runtime_clark/result_G000421185.fq.csv

real	46m19.487s
user	38m13.460s
sys	9m51.184s
CLARK version 1.2.6.1 (UCR CS&E. Copyright 2013-2019 Rachid Ounit, rouni001@cs.ucr.edu) 
Loading databases of spaced k-mers... 
Loading done (299177 MB read, with sampling factor 1, 72978556972 spaced k-mers stored)
Mode: Full,	Processing file: G000770635.fq,	 using 24 CPU.
 - Assignment time: 13.2644 s. Speed: 301560 objects/min. (66667 objects).
 - Results stored in /oasis/scratch/comet/erachtma/temp_project/simul/runtime_clark/result_G000770635.fq.csv

real	47m3.466s
user	38m9.590s
sys	9m1.576s
CLARK version 1.2.6.1 (UCR CS&E. Copyright 2013-2019 Rachid Ounit, rouni001@cs.ucr.edu) 
Loading databases of spaced k-mers... 
Loading done (299177 MB read, with sampling factor 1, 72978556972 spaced k-mers stored)
Mode: Full,	Processing file: G000816105.fq,	 using 24 CPU.
 - Assignment time: 8.59874 s. Speed: 465186 objects/min. (66667 objects).
 - Results stored in /oasis/scratch/comet/erachtma/temp_project/simul/runtime_clark/result_G000816105.fq.csv

real	46m44.536s
user	38m30.238s
sys	8m29.323s
CLARK version 1.2.6.1 (UCR CS&E. Copyright 2013-2019 Rachid Ounit, rouni001@cs.ucr.edu) 
Loading databases of spaced k-mers... 
Loading done (299177 MB read, with sampling factor 1, 72978556972 spaced k-mers stored)
Mode: Full,	Processing file: G000955905.fq,	 using 24 CPU.
 - Assignment time: 7.33981 s. Speed: 544975 objects/min. (66667 objects).
 - Results stored in /oasis/scratch/comet/erachtma/temp_project/simul/runtime_clark/result_G000955905.fq.csv

real	46m40.327s
user	38m58.992s
sys	8m22.306s
CLARK version 1.2.6.1 (UCR CS&E. Copyright 2013-2019 Rachid Ounit, rouni001@cs.ucr.edu) 
Loading databases of spaced k-mers... 
Loading done (299177 MB read, with sampling factor 1, 72978556972 spaced k-mers stored)
Mode: Full,	Processing file: G001189275.fq,	 using 24 CPU.
 - Assignment time: 10.1994 s. Speed: 392180 objects/min. (66667 objects).
 - Results stored in /oasis/scratch/comet/erachtma/temp_project/simul/runtime_clark/result_G001189275.fq.csv

real	47m27.443s
user	38m32.512s
sys	9m32.521s
CLARK version 1.2.6.1 (UCR CS&E. Copyright 2013-2019 Rachid Ounit, rouni001@cs.ucr.edu) 
Loading databases of spaced k-mers... 
Loading done (299177 MB read, with sampling factor 1, 72978556972 spaced k-mers stored)
Mode: Full,	Processing file: G001315825.fq,	 using 24 CPU.
 - Assignment time: 7.8081 s. Speed: 512291 objects/min. (66667 objects).
 - Results stored in /oasis/scratch/comet/erachtma/temp_project/simul/runtime_clark/result_G001315825.fq.csv

real	47m53.246s
user	38m26.132s
sys	8m30.861s
CLARK version 1.2.6.1 (UCR CS&E. Copyright 2013-2019 Rachid Ounit, rouni001@cs.ucr.edu) 
Loading databases of spaced k-mers... 
Loading done (299177 MB read, with sampling factor 1, 72978556972 spaced k-mers stored)
Mode: Full,	Processing file: G001316265.fq,	 using 24 CPU.
 - Assignment time: 8.01177 s. Speed: 499267 objects/min. (66667 objects).
 - Results stored in /oasis/scratch/comet/erachtma/temp_project/simul/runtime_clark/result_G001316265.fq.csv

real	47m25.464s
user	38m40.567s
sys	8m59.441s
CLARK version 1.2.6.1 (UCR CS&E. Copyright 2013-2019 Rachid Ounit, rouni001@cs.ucr.edu) 
Loading databases of spaced k-mers... 
Loading done (299177 MB read, with sampling factor 1, 72978556972 spaced k-mers stored)
Mode: Full,	Processing file: G001510295.fq,	 using 24 CPU.
 - Assignment time: 7.7877 s. Speed: 513632 objects/min. (66667 objects).
 - Results stored in /oasis/scratch/comet/erachtma/temp_project/simul/runtime_clark/result_G001510295.fq.csv

real	47m59.739s
user	39m13.060s
sys	8m40.523s
CLARK version 1.2.6.1 (UCR CS&E. Copyright 2013-2019 Rachid Ounit, rouni001@cs.ucr.edu) 
Loading databases of spaced k-mers... 
Loading done (299177 MB read, with sampling factor 1, 72978556972 spaced k-mers stored)
Mode: Full,	Processing file: G001515215.fq,	 using 24 CPU.
 - Assignment time: 7.29356 s. Speed: 548431 objects/min. (66667 objects).
 - Results stored in /oasis/scratch/comet/erachtma/temp_project/simul/runtime_clark/result_G001515215.fq.csv

real	47m13.920s
user	38m40.291s
sys	9m4.113s
CLARK version 1.2.6.1 (UCR CS&E. Copyright 2013-2019 Rachid Ounit, rouni001@cs.ucr.edu) 
Loading databases of spaced k-mers... 
Loading done (299177 MB read, with sampling factor 1, 72978556972 spaced k-mers stored)
Mode: Full,	Processing file: G001560165.fq,	 using 24 CPU.
 - Assignment time: 6.14468 s. Speed: 650972 objects/min. (66667 objects).
 - Results stored in /oasis/scratch/comet/erachtma/temp_project/simul/runtime_clark/result_G001560165.fq.csv

real	51m52.780s
user	38m1.927s
sys	8m43.533s
CLARK version 1.2.6.1 (UCR CS&E. Copyright 2013-2019 Rachid Ounit, rouni001@cs.ucr.edu) 
Loading databases of spaced k-mers... 
Loading done (299177 MB read, with sampling factor 1, 72978556972 spaced k-mers stored)
Mode: Full,	Processing file: G001577775.fq,	 using 24 CPU.
 - Assignment time: 7.50524 s. Speed: 532963 objects/min. (66667 objects).
 - Results stored in /oasis/scratch/comet/erachtma/temp_project/simul/runtime_clark/result_G001577775.fq.csv

real	55m6.611s
user	38m32.074s
sys	9m8.403s
CLARK version 1.2.6.1 (UCR CS&E. Copyright 2013-2019 Rachid Ounit, rouni001@cs.ucr.edu) 
Loading databases of spaced k-mers... 
Loading done (299177 MB read, with sampling factor 1, 72978556972 spaced k-mers stored)
Mode: Full,	Processing file: G001628455.fq,	 using 24 CPU.
 - Assignment time: 5.95615 s. Speed: 671578 objects/min. (66667 objects).
 - Results stored in /oasis/scratch/comet/erachtma/temp_project/simul/runtime_clark/result_G001628455.fq.csv

real	45m36.591s
user	38m15.563s
sys	8m9.277s
CLARK version 1.2.6.1 (UCR CS&E. Copyright 2013-2019 Rachid Ounit, rouni001@cs.ucr.edu) 
Loading databases of spaced k-mers... 
Loading done (299177 MB read, with sampling factor 1, 72978556972 spaced k-mers stored)
Mode: Full,	Processing file: G001674955.fq,	 using 24 CPU.
 - Assignment time: 6.71218 s. Speed: 595934 objects/min. (66667 objects).
 - Results stored in /oasis/scratch/comet/erachtma/temp_project/simul/runtime_clark/result_G001674955.fq.csv

real	48m31.647s
user	38m22.174s
sys	8m26.949s
CLARK version 1.2.6.1 (UCR CS&E. Copyright 2013-2019 Rachid Ounit, rouni001@cs.ucr.edu) 
Loading databases of spaced k-mers... 
Loading done (299177 MB read, with sampling factor 1, 72978556972 spaced k-mers stored)
Mode: Full,	Processing file: G001679155.fq,	 using 24 CPU.
 - Assignment time: 9.23057 s. Speed: 433344 objects/min. (66667 objects).
 - Results stored in /oasis/scratch/comet/erachtma/temp_project/simul/runtime_clark/result_G001679155.fq.csv

real	46m37.452s
user	37m57.150s
sys	8m41.779s
CLARK version 1.2.6.1 (UCR CS&E. Copyright 2013-2019 Rachid Ounit, rouni001@cs.ucr.edu) 
Loading databases of spaced k-mers... 
Loading done (299177 MB read, with sampling factor 1, 72978556972 spaced k-mers stored)
Mode: Full,	Processing file: G001919175.fq,	 using 24 CPU.
 - Assignment time: 8.14579 s. Speed: 491053 objects/min. (66667 objects).
 - Results stored in /oasis/scratch/comet/erachtma/temp_project/simul/runtime_clark/result_G001919175.fq.csv

real	48m18.808s
user	38m8.281s
sys	8m38.875s
CLARK version 1.2.6.1 (UCR CS&E. Copyright 2013-2019 Rachid Ounit, rouni001@cs.ucr.edu) 
Loading databases of spaced k-mers... 
Loading done (299177 MB read, with sampling factor 1, 72978556972 spaced k-mers stored)
Mode: Full,	Processing file: G001940645.fq,	 using 24 CPU.
 - Assignment time: 9.43147 s. Speed: 424114 objects/min. (66667 objects).
 - Results stored in /oasis/scratch/comet/erachtma/temp_project/simul/runtime_clark/result_G001940645.fq.csv

real	48m38.454s
user	38m20.523s
sys	9m39.270s
CLARK version 1.2.6.1 (UCR CS&E. Copyright 2013-2019 Rachid Ounit, rouni001@cs.ucr.edu) 
Loading databases of spaced k-mers... 
Loading done (299177 MB read, with sampling factor 1, 72978556972 spaced k-mers stored)
Mode: Full,	Processing file: G001940655.fq,	 using 24 CPU.
 - Assignment time: 12.9409 s. Speed: 309099 objects/min. (66667 objects).
 - Results stored in /oasis/scratch/comet/erachtma/temp_project/simul/runtime_clark/result_G001940655.fq.csv

real	50m7.477s
user	38m13.381s
sys	9m27.464s

real	1464m43.905s
user	1150m38.631s
sys	265m7.404s
slurmstepd: Exceeded step memory limit at some point.
slurmstepd: Exceeded job memory limit at some point.
