66667 reads; of these:
  66667 (100.00%) were unpaired; of these:
    66085 (99.13%) aligned 0 times
    118 (0.18%) aligned exactly 1 time
    464 (0.70%) aligned >1 times
0.87% overall alignment rate

real	6m11.555s
user	0m42.117s
sys	0m47.805s
66667 reads; of these:
  66667 (100.00%) were unpaired; of these:
    66053 (99.08%) aligned 0 times
    133 (0.20%) aligned exactly 1 time
    481 (0.72%) aligned >1 times
0.92% overall alignment rate

real	0m49.981s
user	0m37.300s
sys	0m42.418s
66667 reads; of these:
  66667 (100.00%) were unpaired; of these:
    65143 (97.71%) aligned 0 times
    1091 (1.64%) aligned exactly 1 time
    433 (0.65%) aligned >1 times
2.29% overall alignment rate

real	0m49.631s
user	0m36.924s
sys	0m42.306s
66667 reads; of these:
  66667 (100.00%) were unpaired; of these:
    64328 (96.49%) aligned 0 times
    806 (1.21%) aligned exactly 1 time
    1533 (2.30%) aligned >1 times
3.51% overall alignment rate

real	0m49.644s
user	0m42.546s
sys	0m42.674s
66667 reads; of these:
  66667 (100.00%) were unpaired; of these:
    46315 (69.47%) aligned 0 times
    708 (1.06%) aligned exactly 1 time
    19644 (29.47%) aligned >1 times
30.53% overall alignment rate

real	0m48.935s
user	0m39.919s
sys	0m41.441s
66667 reads; of these:
  66667 (100.00%) were unpaired; of these:
    65196 (97.79%) aligned 0 times
    617 (0.93%) aligned exactly 1 time
    854 (1.28%) aligned >1 times
2.21% overall alignment rate

real	0m48.978s
user	0m33.488s
sys	0m41.741s
66667 reads; of these:
  66667 (100.00%) were unpaired; of these:
    21752 (32.63%) aligned 0 times
    16691 (25.04%) aligned exactly 1 time
    28224 (42.34%) aligned >1 times
67.37% overall alignment rate

real	0m49.513s
user	0m56.687s
sys	0m43.477s
66667 reads; of these:
  66667 (100.00%) were unpaired; of these:
    29051 (43.58%) aligned 0 times
    14453 (21.68%) aligned exactly 1 time
    23163 (34.74%) aligned >1 times
56.42% overall alignment rate

real	0m50.492s
user	0m46.042s
sys	0m41.798s
66667 reads; of these:
  66667 (100.00%) were unpaired; of these:
    10384 (15.58%) aligned 0 times
    23908 (35.86%) aligned exactly 1 time
    32375 (48.56%) aligned >1 times
84.42% overall alignment rate

real	0m51.242s
user	1m13.998s
sys	0m45.178s
66667 reads; of these:
  66667 (100.00%) were unpaired; of these:
    13767 (20.65%) aligned 0 times
    16834 (25.25%) aligned exactly 1 time
    36066 (54.10%) aligned >1 times
79.35% overall alignment rate

real	0m49.805s
user	0m59.995s
sys	0m41.831s
66667 reads; of these:
  66667 (100.00%) were unpaired; of these:
    6385 (9.58%) aligned 0 times
    2348 (3.52%) aligned exactly 1 time
    57934 (86.90%) aligned >1 times
90.42% overall alignment rate

real	0m50.687s
user	1m11.073s
sys	0m41.737s
66667 reads; of these:
  66667 (100.00%) were unpaired; of these:
    0 (0.00%) aligned 0 times
    43791 (65.69%) aligned exactly 1 time
    22876 (34.31%) aligned >1 times
100.00% overall alignment rate

real	0m50.680s
user	0m57.639s
sys	0m44.982s
66667 reads; of these:
  66667 (100.00%) were unpaired; of these:
    63890 (95.83%) aligned 0 times
    952 (1.43%) aligned exactly 1 time
    1825 (2.74%) aligned >1 times
4.17% overall alignment rate

real	0m49.539s
user	0m40.561s
sys	0m42.442s
66667 reads; of these:
  66667 (100.00%) were unpaired; of these:
    0 (0.00%) aligned 0 times
    34863 (52.29%) aligned exactly 1 time
    31804 (47.71%) aligned >1 times
100.00% overall alignment rate

real	0m51.657s
user	1m22.833s
sys	0m47.225s
66667 reads; of these:
  66667 (100.00%) were unpaired; of these:
    0 (0.00%) aligned 0 times
    48923 (73.38%) aligned exactly 1 time
    17744 (26.62%) aligned >1 times
100.00% overall alignment rate

real	0m49.569s
user	0m55.109s
sys	0m42.305s
66667 reads; of these:
  66667 (100.00%) were unpaired; of these:
    24888 (37.33%) aligned 0 times
    13433 (20.15%) aligned exactly 1 time
    28346 (42.52%) aligned >1 times
62.67% overall alignment rate

real	0m48.834s
user	0m50.455s
sys	0m41.089s
66667 reads; of these:
  66667 (100.00%) were unpaired; of these:
    54769 (82.15%) aligned 0 times
    6115 (9.17%) aligned exactly 1 time
    5783 (8.67%) aligned >1 times
17.85% overall alignment rate

real	0m48.844s
user	0m36.346s
sys	0m41.297s
66667 reads; of these:
  66667 (100.00%) were unpaired; of these:
    50092 (75.14%) aligned 0 times
    9854 (14.78%) aligned exactly 1 time
    6721 (10.08%) aligned >1 times
24.86% overall alignment rate

real	0m49.068s
user	0m39.947s
sys	0m41.791s
66667 reads; of these:
  66667 (100.00%) were unpaired; of these:
    59504 (89.26%) aligned 0 times
    2036 (3.05%) aligned exactly 1 time
    5127 (7.69%) aligned >1 times
10.74% overall alignment rate

real	0m49.398s
user	0m39.178s
sys	0m45.180s
66667 reads; of these:
  66667 (100.00%) were unpaired; of these:
    5781 (8.67%) aligned 0 times
    16654 (24.98%) aligned exactly 1 time
    44232 (66.35%) aligned >1 times
91.33% overall alignment rate

real	0m50.480s
user	1m9.994s
sys	0m43.781s
66667 reads; of these:
  66667 (100.00%) were unpaired; of these:
    16893 (25.34%) aligned 0 times
    15326 (22.99%) aligned exactly 1 time
    34448 (51.67%) aligned >1 times
74.66% overall alignment rate

real	0m50.853s
user	1m4.029s
sys	0m44.894s
66667 reads; of these:
  66667 (100.00%) were unpaired; of these:
    64659 (96.99%) aligned 0 times
    1055 (1.58%) aligned exactly 1 time
    953 (1.43%) aligned >1 times
3.01% overall alignment rate

real	0m49.774s
user	0m34.910s
sys	0m43.353s
66667 reads; of these:
  66667 (100.00%) were unpaired; of these:
    0 (0.00%) aligned 0 times
    0 (0.00%) aligned exactly 1 time
    66667 (100.00%) aligned >1 times
100.00% overall alignment rate

real	0m52.721s
user	0m52.880s
sys	0m50.441s
66667 reads; of these:
  66667 (100.00%) were unpaired; of these:
    29943 (44.91%) aligned 0 times
    23478 (35.22%) aligned exactly 1 time
    13246 (19.87%) aligned >1 times
55.09% overall alignment rate

real	0m56.179s
user	0m47.612s
sys	0m44.936s
66667 reads; of these:
  66667 (100.00%) were unpaired; of these:
    400 (0.60%) aligned 0 times
    3114 (4.67%) aligned exactly 1 time
    63153 (94.73%) aligned >1 times
99.40% overall alignment rate

real	0m53.706s
user	1m22.100s
sys	0m48.675s
66667 reads; of these:
  66667 (100.00%) were unpaired; of these:
    15490 (23.23%) aligned 0 times
    18681 (28.02%) aligned exactly 1 time
    32496 (48.74%) aligned >1 times
76.77% overall alignment rate

real	0m51.655s
user	1m12.227s
sys	0m49.793s
66667 reads; of these:
  66667 (100.00%) were unpaired; of these:
    0 (0.00%) aligned 0 times
    3641 (5.46%) aligned exactly 1 time
    63026 (94.54%) aligned >1 times
100.00% overall alignment rate

real	0m51.990s
user	1m0.494s
sys	0m48.171s
66667 reads; of these:
  66667 (100.00%) were unpaired; of these:
    2964 (4.45%) aligned 0 times
    50491 (75.74%) aligned exactly 1 time
    13212 (19.82%) aligned >1 times
95.55% overall alignment rate

real	0m50.833s
user	0m49.725s
sys	0m43.994s
66667 reads; of these:
  66667 (100.00%) were unpaired; of these:
    65699 (98.55%) aligned 0 times
    438 (0.66%) aligned exactly 1 time
    530 (0.79%) aligned >1 times
1.45% overall alignment rate

real	0m50.637s
user	0m46.741s
sys	0m44.686s
66667 reads; of these:
  66667 (100.00%) were unpaired; of these:
    66013 (99.02%) aligned 0 times
    288 (0.43%) aligned exactly 1 time
    366 (0.55%) aligned >1 times
0.98% overall alignment rate

real	0m49.316s
user	0m39.729s
sys	0m47.310s

real	30m36.202s
user	26m2.601s
sys	22m8.754s
