Loading database information... done.
66667 sequences (10.00 Mbp) processed in 0.964s (4151.4 Kseq/m, 622.71 Mbp/m).
  4146 sequences classified (6.22%)
  62521 sequences unclassified (93.78%)

real	0m39.445s
user	0m2.305s
sys	0m39.015s
Loading database information... done.
66667 sequences (10.00 Mbp) processed in 1.169s (3421.0 Kseq/m, 513.15 Mbp/m).
  4134 sequences classified (6.20%)
  62533 sequences unclassified (93.80%)

real	0m42.374s
user	0m2.478s
sys	0m42.080s
Loading database information... done.
66667 sequences (10.00 Mbp) processed in 0.949s (4213.1 Kseq/m, 631.97 Mbp/m).
  3981 sequences classified (5.97%)
  62686 sequences unclassified (94.03%)

real	0m41.784s
user	0m2.404s
sys	0m41.649s
Loading database information... done.
66667 sequences (10.00 Mbp) processed in 0.659s (6073.6 Kseq/m, 911.03 Mbp/m).
  5444 sequences classified (8.17%)
  61223 sequences unclassified (91.83%)

real	0m41.201s
user	0m1.507s
sys	0m40.302s
Loading database information... done.
66667 sequences (10.00 Mbp) processed in 0.503s (7959.9 Kseq/m, 1193.99 Mbp/m).
  17496 sequences classified (26.24%)
  49171 sequences unclassified (73.76%)

real	0m40.315s
user	0m1.657s
sys	0m39.713s
Loading database information... done.
66667 sequences (10.00 Mbp) processed in 0.793s (5044.6 Kseq/m, 756.69 Mbp/m).
  2453 sequences classified (3.68%)
  64214 sequences unclassified (96.32%)

real	0m40.943s
user	0m1.978s
sys	0m39.756s
Loading database information... done.
66667 sequences (10.00 Mbp) processed in 0.661s (6049.8 Kseq/m, 907.47 Mbp/m).
  41355 sequences classified (62.03%)
  25312 sequences unclassified (37.97%)

real	0m41.999s
user	0m2.158s
sys	0m40.414s
Loading database information... done.
66667 sequences (10.00 Mbp) processed in 0.466s (8580.4 Kseq/m, 1287.06 Mbp/m).
  33968 sequences classified (50.95%)
  32699 sequences unclassified (49.05%)

real	0m40.741s
user	0m1.727s
sys	0m40.175s
Loading database information... done.
66667 sequences (10.00 Mbp) processed in 0.577s (6936.7 Kseq/m, 1040.50 Mbp/m).
  56062 sequences classified (84.09%)
  10605 sequences unclassified (15.91%)

real	0m41.735s
user	0m2.101s
sys	0m40.549s
Loading database information... done.
66667 sequences (10.00 Mbp) processed in 0.691s (5789.7 Kseq/m, 868.46 Mbp/m).
  50645 sequences classified (75.97%)
  16022 sequences unclassified (24.03%)

real	0m41.007s
user	0m1.798s
sys	0m39.869s
Loading database information... done.
66667 sequences (10.00 Mbp) processed in 0.494s (8105.3 Kseq/m, 1215.79 Mbp/m).
  60021 sequences classified (90.03%)
  6646 sequences unclassified (9.97%)

real	0m40.242s
user	0m2.080s
sys	0m39.990s
Loading database information... done.
66667 sequences (10.00 Mbp) processed in 0.696s (5750.4 Kseq/m, 862.55 Mbp/m).
  66667 sequences classified (100.00%)
  0 sequences unclassified (0.00%)

real	0m41.395s
user	0m1.975s
sys	0m39.837s
Loading database information... done.
66667 sequences (10.00 Mbp) processed in 0.409s (9774.5 Kseq/m, 1466.17 Mbp/m).
  5893 sequences classified (8.84%)
  60774 sequences unclassified (91.16%)

real	0m40.972s
user	0m1.481s
sys	0m39.067s
Loading database information... done.
66667 sequences (10.00 Mbp) processed in 0.485s (8246.2 Kseq/m, 1236.93 Mbp/m).
  66667 sequences classified (100.00%)
  0 sequences unclassified (0.00%)

real	0m40.331s
user	0m1.948s
sys	0m39.839s
Loading database information... done.
66667 sequences (10.00 Mbp) processed in 0.775s (5161.1 Kseq/m, 774.16 Mbp/m).
  66667 sequences classified (100.00%)
  0 sequences unclassified (0.00%)

real	0m40.530s
user	0m2.282s
sys	0m40.784s
Loading database information... done.
66667 sequences (10.00 Mbp) processed in 1.930s (2072.8 Kseq/m, 310.93 Mbp/m).
  38336 sequences classified (57.50%)
  28331 sequences unclassified (42.50%)

real	0m41.127s
user	0m1.920s
sys	0m38.873s
Loading database information... done.
66667 sequences (10.00 Mbp) processed in 0.940s (4254.4 Kseq/m, 638.16 Mbp/m).
  9783 sequences classified (14.67%)
  56884 sequences unclassified (85.33%)

real	0m41.169s
user	0m1.554s
sys	0m39.593s
Loading database information... done.
66667 sequences (10.00 Mbp) processed in 0.911s (4392.3 Kseq/m, 658.85 Mbp/m).
  14562 sequences classified (21.84%)
  52105 sequences unclassified (78.16%)

real	0m40.803s
user	0m1.996s
sys	0m40.057s
Loading database information... done.
66667 sequences (10.00 Mbp) processed in 1.101s (3633.4 Kseq/m, 545.01 Mbp/m).
  6213 sequences classified (9.32%)
  60454 sequences unclassified (90.68%)

real	0m41.410s
user	0m1.834s
sys	0m39.846s
Loading database information... done.
66667 sequences (10.00 Mbp) processed in 0.542s (7379.2 Kseq/m, 1106.89 Mbp/m).
  57338 sequences classified (86.01%)
  9329 sequences unclassified (13.99%)

real	0m40.288s
user	0m1.845s
sys	0m38.544s
Loading database information... done.
66667 sequences (10.00 Mbp) processed in 0.339s (11807.9 Kseq/m, 1771.19 Mbp/m).
  43912 sequences classified (65.87%)
  22755 sequences unclassified (34.13%)

real	0m38.550s
user	0m1.544s
sys	0m38.244s
Loading database information... done.
66667 sequences (10.00 Mbp) processed in 0.621s (6439.8 Kseq/m, 965.98 Mbp/m).
  3262 sequences classified (4.89%)
  63405 sequences unclassified (95.11%)

real	0m41.025s
user	0m1.808s
sys	0m39.592s
Loading database information... done.
66667 sequences (10.00 Mbp) processed in 43.149s (92.7 Kseq/m, 13.91 Mbp/m).
  66667 sequences classified (100.00%)
  0 sequences unclassified (0.00%)

real	1m26.853s
user	0m1.548s
sys	0m39.242s
Loading database information... done.
66667 sequences (10.00 Mbp) processed in 0.496s (8057.2 Kseq/m, 1208.58 Mbp/m).
  32963 sequences classified (49.44%)
  33704 sequences unclassified (50.56%)

real	0m40.968s
user	0m1.952s
sys	0m40.484s
Loading database information... done.
66667 sequences (10.00 Mbp) processed in 0.466s (8591.6 Kseq/m, 1288.74 Mbp/m).
  66195 sequences classified (99.29%)
  472 sequences unclassified (0.71%)

real	0m39.781s
user	0m1.927s
sys	0m39.423s
Loading database information... done.
66667 sequences (10.00 Mbp) processed in 0.496s (8064.0 Kseq/m, 1209.59 Mbp/m).
  48429 sequences classified (72.64%)
  18238 sequences unclassified (27.36%)

real	0m38.926s
user	0m1.676s
sys	0m38.389s
Loading database information... done.
66667 sequences (10.00 Mbp) processed in 0.766s (5220.2 Kseq/m, 783.03 Mbp/m).
  66667 sequences classified (100.00%)
  0 sequences unclassified (0.00%)

real	0m40.168s
user	0m1.750s
sys	0m39.538s
Loading database information... done.
66667 sequences (10.00 Mbp) processed in 0.876s (4564.4 Kseq/m, 684.67 Mbp/m).
  63621 sequences classified (95.43%)
  3046 sequences unclassified (4.57%)

real	0m39.854s
user	0m1.624s
sys	0m39.024s
Loading database information... done.
66667 sequences (10.00 Mbp) processed in 0.477s (8378.7 Kseq/m, 1256.81 Mbp/m).
  4801 sequences classified (7.20%)
  61866 sequences unclassified (92.80%)

real	0m39.126s
user	0m1.863s
sys	0m38.697s
Loading database information... done.
66667 sequences (10.00 Mbp) processed in 0.630s (6350.4 Kseq/m, 952.56 Mbp/m).
  1818 sequences classified (2.73%)
  64849 sequences unclassified (97.27%)

real	0m39.924s
user	0m2.337s
sys	0m40.428s

real	21m4.990s
user	0m57.056s
sys	19m53.016s
